::1 - - [10/Jul/2020:11:10:10 +0000] "GET /products HTTP/1.1" 304 - "http://localhost:5000/?page=3" "Mozilla/5.0 (Macintosh; Intel Mac OS X 10_15_5) AppleWebKit/537.36 (KHTML, like Gecko) Chrome/83.0.4103.116 Safari/537.36"
::1 - - [10/Jul/2020:11:10:10 +0000] "GET /css/main.css HTTP/1.1" 304 - "http://localhost:5000/products" "Mozilla/5.0 (Macintosh; Intel Mac OS X 10_15_5) AppleWebKit/537.36 (KHTML, like Gecko) Chrome/83.0.4103.116 Safari/537.36"
::1 - - [10/Jul/2020:11:10:10 +0000] "GET /css/product.css HTTP/1.1" 304 - "http://localhost:5000/products" "Mozilla/5.0 (Macintosh; Intel Mac OS X 10_15_5) AppleWebKit/537.36 (KHTML, like Gecko) Chrome/83.0.4103.116 Safari/537.36"
::1 - - [10/Jul/2020:11:10:10 +0000] "GET /js/main.js HTTP/1.1" 304 - "http://localhost:5000/products" "Mozilla/5.0 (Macintosh; Intel Mac OS X 10_15_5) AppleWebKit/537.36 (KHTML, like Gecko) Chrome/83.0.4103.116 Safari/537.36"
::1 - - [10/Jul/2020:11:10:10 +0000] "GET /images/2020-07-03T16:56:33.867Z-group-users1.png HTTP/1.1" 304 - "http://localhost:5000/products" "Mozilla/5.0 (Macintosh; Intel Mac OS X 10_15_5) AppleWebKit/537.36 (KHTML, like Gecko) Chrome/83.0.4103.116 Safari/537.36"
::1 - - [10/Jul/2020:11:39:27 +0000] "GET /products HTTP/1.1" 304 - "-" "Mozilla/5.0 (Macintosh; Intel Mac OS X 10_15_5) AppleWebKit/537.36 (KHTML, like Gecko) Chrome/83.0.4103.116 Safari/537.36"
::1 - - [10/Jul/2020:11:39:27 +0000] "GET /css/main.css HTTP/1.1" 304 - "http://localhost:5000/products" "Mozilla/5.0 (Macintosh; Intel Mac OS X 10_15_5) AppleWebKit/537.36 (KHTML, like Gecko) Chrome/83.0.4103.116 Safari/537.36"
::1 - - [10/Jul/2020:11:39:27 +0000] "GET /css/product.css HTTP/1.1" 304 - "http://localhost:5000/products" "Mozilla/5.0 (Macintosh; Intel Mac OS X 10_15_5) AppleWebKit/537.36 (KHTML, like Gecko) Chrome/83.0.4103.116 Safari/537.36"
::1 - - [10/Jul/2020:11:39:27 +0000] "GET /js/main.js HTTP/1.1" 304 - "http://localhost:5000/products" "Mozilla/5.0 (Macintosh; Intel Mac OS X 10_15_5) AppleWebKit/537.36 (KHTML, like Gecko) Chrome/83.0.4103.116 Safari/537.36"
::1 - - [10/Jul/2020:11:39:27 +0000] "GET /images/2020-07-03T16:56:33.867Z-group-users1.png HTTP/1.1" 304 - "http://localhost:5000/products" "Mozilla/5.0 (Macintosh; Intel Mac OS X 10_15_5) AppleWebKit/537.36 (KHTML, like Gecko) Chrome/83.0.4103.116 Safari/537.36"
::1 - - [10/Jul/2020:11:39:29 +0000] "GET / HTTP/1.1" 304 - "http://localhost:5000/products" "Mozilla/5.0 (Macintosh; Intel Mac OS X 10_15_5) AppleWebKit/537.36 (KHTML, like Gecko) Chrome/83.0.4103.116 Safari/537.36"
::1 - - [10/Jul/2020:11:39:30 +0000] "GET /css/main.css HTTP/1.1" 304 - "http://localhost:5000/" "Mozilla/5.0 (Macintosh; Intel Mac OS X 10_15_5) AppleWebKit/537.36 (KHTML, like Gecko) Chrome/83.0.4103.116 Safari/537.36"
::1 - - [10/Jul/2020:11:39:30 +0000] "GET /css/product.css HTTP/1.1" 304 - "http://localhost:5000/" "Mozilla/5.0 (Macintosh; Intel Mac OS X 10_15_5) AppleWebKit/537.36 (KHTML, like Gecko) Chrome/83.0.4103.116 Safari/537.36"
::1 - - [10/Jul/2020:11:39:30 +0000] "GET /js/main.js HTTP/1.1" 304 - "http://localhost:5000/" "Mozilla/5.0 (Macintosh; Intel Mac OS X 10_15_5) AppleWebKit/537.36 (KHTML, like Gecko) Chrome/83.0.4103.116 Safari/537.36"
::1 - - [10/Jul/2020:11:39:30 +0000] "GET /images/2020-07-03T16:56:33.867Z-group-users1.png HTTP/1.1" 304 - "http://localhost:5000/" "Mozilla/5.0 (Macintosh; Intel Mac OS X 10_15_5) AppleWebKit/537.36 (KHTML, like Gecko) Chrome/83.0.4103.116 Safari/537.36"
::1 - - [10/Jul/2020:12:40:41 +0000] "GET / HTTP/1.1" 200 - "http://localhost:5000/products" "Mozilla/5.0 (Macintosh; Intel Mac OS X 10_15_5) AppleWebKit/537.36 (KHTML, like Gecko) Chrome/83.0.4103.116 Safari/537.36"
::1 - - [10/Jul/2020:12:40:41 +0000] "GET /css/main.css HTTP/1.1" 304 - "http://localhost:5000/" "Mozilla/5.0 (Macintosh; Intel Mac OS X 10_15_5) AppleWebKit/537.36 (KHTML, like Gecko) Chrome/83.0.4103.116 Safari/537.36"
::1 - - [10/Jul/2020:12:40:41 +0000] "GET /css/product.css HTTP/1.1" 304 - "http://localhost:5000/" "Mozilla/5.0 (Macintosh; Intel Mac OS X 10_15_5) AppleWebKit/537.36 (KHTML, like Gecko) Chrome/83.0.4103.116 Safari/537.36"
::1 - - [10/Jul/2020:12:40:41 +0000] "GET /js/main.js HTTP/1.1" 304 - "http://localhost:5000/" "Mozilla/5.0 (Macintosh; Intel Mac OS X 10_15_5) AppleWebKit/537.36 (KHTML, like Gecko) Chrome/83.0.4103.116 Safari/537.36"
::1 - - [10/Jul/2020:12:40:41 +0000] "GET /images/2020-07-03T16:56:33.867Z-group-users1.png HTTP/1.1" 304 - "http://localhost:5000/" "Mozilla/5.0 (Macintosh; Intel Mac OS X 10_15_5) AppleWebKit/537.36 (KHTML, like Gecko) Chrome/83.0.4103.116 Safari/537.36"
::1 - - [10/Jul/2020:12:40:41 +0000] "GET /images/2020-07-03T16:56:49.032Z-group-users2.png HTTP/1.1" 304 - "http://localhost:5000/" "Mozilla/5.0 (Macintosh; Intel Mac OS X 10_15_5) AppleWebKit/537.36 (KHTML, like Gecko) Chrome/83.0.4103.116 Safari/537.36"
::1 - - [10/Jul/2020:12:40:52 +0000] "GET /products HTTP/1.1" 200 - "http://localhost:5000/" "Mozilla/5.0 (Macintosh; Intel Mac OS X 10_15_5) AppleWebKit/537.36 (KHTML, like Gecko) Chrome/83.0.4103.116 Safari/537.36"
::1 - - [10/Jul/2020:12:40:52 +0000] "GET /css/main.css HTTP/1.1" 304 - "http://localhost:5000/products" "Mozilla/5.0 (Macintosh; Intel Mac OS X 10_15_5) AppleWebKit/537.36 (KHTML, like Gecko) Chrome/83.0.4103.116 Safari/537.36"
::1 - - [10/Jul/2020:12:40:52 +0000] "GET /css/product.css HTTP/1.1" 304 - "http://localhost:5000/products" "Mozilla/5.0 (Macintosh; Intel Mac OS X 10_15_5) AppleWebKit/537.36 (KHTML, like Gecko) Chrome/83.0.4103.116 Safari/537.36"
::1 - - [10/Jul/2020:12:40:52 +0000] "GET /js/main.js HTTP/1.1" 304 - "http://localhost:5000/products" "Mozilla/5.0 (Macintosh; Intel Mac OS X 10_15_5) AppleWebKit/537.36 (KHTML, like Gecko) Chrome/83.0.4103.116 Safari/537.36"
::1 - - [10/Jul/2020:12:40:52 +0000] "GET /images/2020-07-03T16:56:33.867Z-group-users1.png HTTP/1.1" 304 - "http://localhost:5000/products" "Mozilla/5.0 (Macintosh; Intel Mac OS X 10_15_5) AppleWebKit/537.36 (KHTML, like Gecko) Chrome/83.0.4103.116 Safari/537.36"
::1 - - [10/Jul/2020:12:40:52 +0000] "GET /images/2020-07-03T16:56:49.032Z-group-users2.png HTTP/1.1" 304 - "http://localhost:5000/products" "Mozilla/5.0 (Macintosh; Intel Mac OS X 10_15_5) AppleWebKit/537.36 (KHTML, like Gecko) Chrome/83.0.4103.116 Safari/537.36"
::1 - - [10/Jul/2020:12:40:53 +0000] "GET / HTTP/1.1" 304 - "http://localhost:5000/products" "Mozilla/5.0 (Macintosh; Intel Mac OS X 10_15_5) AppleWebKit/537.36 (KHTML, like Gecko) Chrome/83.0.4103.116 Safari/537.36"
::1 - - [10/Jul/2020:12:40:53 +0000] "GET /css/main.css HTTP/1.1" 304 - "http://localhost:5000/" "Mozilla/5.0 (Macintosh; Intel Mac OS X 10_15_5) AppleWebKit/537.36 (KHTML, like Gecko) Chrome/83.0.4103.116 Safari/537.36"
::1 - - [10/Jul/2020:12:40:53 +0000] "GET /css/product.css HTTP/1.1" 304 - "http://localhost:5000/" "Mozilla/5.0 (Macintosh; Intel Mac OS X 10_15_5) AppleWebKit/537.36 (KHTML, like Gecko) Chrome/83.0.4103.116 Safari/537.36"
::1 - - [10/Jul/2020:12:40:53 +0000] "GET /js/main.js HTTP/1.1" 304 - "http://localhost:5000/" "Mozilla/5.0 (Macintosh; Intel Mac OS X 10_15_5) AppleWebKit/537.36 (KHTML, like Gecko) Chrome/83.0.4103.116 Safari/537.36"
::1 - - [10/Jul/2020:12:40:53 +0000] "GET /images/2020-07-03T16:56:33.867Z-group-users1.png HTTP/1.1" 304 - "http://localhost:5000/" "Mozilla/5.0 (Macintosh; Intel Mac OS X 10_15_5) AppleWebKit/537.36 (KHTML, like Gecko) Chrome/83.0.4103.116 Safari/537.36"
::1 - - [10/Jul/2020:12:40:53 +0000] "GET /images/2020-07-03T16:56:49.032Z-group-users2.png HTTP/1.1" 304 - "http://localhost:5000/" "Mozilla/5.0 (Macintosh; Intel Mac OS X 10_15_5) AppleWebKit/537.36 (KHTML, like Gecko) Chrome/83.0.4103.116 Safari/537.36"
::1 - - [11/Jul/2020:08:15:15 +0000] "GET / HTTP/1.1" 304 - "-" "Mozilla/5.0 (Macintosh; Intel Mac OS X 10_15_5) AppleWebKit/537.36 (KHTML, like Gecko) Chrome/83.0.4103.116 Safari/537.36"
::1 - - [11/Jul/2020:08:15:15 +0000] "GET /css/main.css HTTP/1.1" 304 - "http://localhost:5000/" "Mozilla/5.0 (Macintosh; Intel Mac OS X 10_15_5) AppleWebKit/537.36 (KHTML, like Gecko) Chrome/83.0.4103.116 Safari/537.36"
::1 - - [11/Jul/2020:08:15:15 +0000] "GET /css/product.css HTTP/1.1" 304 - "http://localhost:5000/" "Mozilla/5.0 (Macintosh; Intel Mac OS X 10_15_5) AppleWebKit/537.36 (KHTML, like Gecko) Chrome/83.0.4103.116 Safari/537.36"
::1 - - [11/Jul/2020:08:15:15 +0000] "GET /images/2020-07-03T16:56:33.867Z-group-users1.png HTTP/1.1" 304 - "http://localhost:5000/" "Mozilla/5.0 (Macintosh; Intel Mac OS X 10_15_5) AppleWebKit/537.36 (KHTML, like Gecko) Chrome/83.0.4103.116 Safari/537.36"
::1 - - [11/Jul/2020:08:15:15 +0000] "GET /js/main.js HTTP/1.1" 304 - "http://localhost:5000/" "Mozilla/5.0 (Macintosh; Intel Mac OS X 10_15_5) AppleWebKit/537.36 (KHTML, like Gecko) Chrome/83.0.4103.116 Safari/537.36"
::1 - - [11/Jul/2020:08:15:15 +0000] "GET /images/2020-07-03T16:56:49.032Z-group-users2.png HTTP/1.1" 304 - "http://localhost:5000/" "Mozilla/5.0 (Macintosh; Intel Mac OS X 10_15_5) AppleWebKit/537.36 (KHTML, like Gecko) Chrome/83.0.4103.116 Safari/537.36"
::1 - - [11/Jul/2020:08:15:16 +0000] "GET /favicon.ico HTTP/1.1" 404 - "http://localhost:5000/" "Mozilla/5.0 (Macintosh; Intel Mac OS X 10_15_5) AppleWebKit/537.36 (KHTML, like Gecko) Chrome/83.0.4103.116 Safari/537.36"
::1 - - [11/Jul/2020:08:15:18 +0000] "GET /login HTTP/1.1" 200 - "http://localhost:5000/" "Mozilla/5.0 (Macintosh; Intel Mac OS X 10_15_5) AppleWebKit/537.36 (KHTML, like Gecko) Chrome/83.0.4103.116 Safari/537.36"
::1 - - [11/Jul/2020:08:15:18 +0000] "GET /css/main.css HTTP/1.1" 304 - "http://localhost:5000/login" "Mozilla/5.0 (Macintosh; Intel Mac OS X 10_15_5) AppleWebKit/537.36 (KHTML, like Gecko) Chrome/83.0.4103.116 Safari/537.36"
::1 - - [11/Jul/2020:08:15:18 +0000] "GET /css/forms.css HTTP/1.1" 200 455 "http://localhost:5000/login" "Mozilla/5.0 (Macintosh; Intel Mac OS X 10_15_5) AppleWebKit/537.36 (KHTML, like Gecko) Chrome/83.0.4103.116 Safari/537.36"
::1 - - [11/Jul/2020:08:15:18 +0000] "GET /js/main.js HTTP/1.1" 304 - "http://localhost:5000/login" "Mozilla/5.0 (Macintosh; Intel Mac OS X 10_15_5) AppleWebKit/537.36 (KHTML, like Gecko) Chrome/83.0.4103.116 Safari/537.36"
::1 - - [11/Jul/2020:08:15:18 +0000] "GET /css/auth.css HTTP/1.1" 200 91 "http://localhost:5000/login" "Mozilla/5.0 (Macintosh; Intel Mac OS X 10_15_5) AppleWebKit/537.36 (KHTML, like Gecko) Chrome/83.0.4103.116 Safari/537.36"
::1 - - [11/Jul/2020:08:15:21 +0000] "GET /reset HTTP/1.1" 200 - "http://localhost:5000/login" "Mozilla/5.0 (Macintosh; Intel Mac OS X 10_15_5) AppleWebKit/537.36 (KHTML, like Gecko) Chrome/83.0.4103.116 Safari/537.36"
::1 - - [11/Jul/2020:08:15:21 +0000] "GET /css/main.css HTTP/1.1" 304 - "http://localhost:5000/reset" "Mozilla/5.0 (Macintosh; Intel Mac OS X 10_15_5) AppleWebKit/537.36 (KHTML, like Gecko) Chrome/83.0.4103.116 Safari/537.36"
::1 - - [11/Jul/2020:08:15:21 +0000] "GET /css/auth.css HTTP/1.1" 304 - "http://localhost:5000/reset" "Mozilla/5.0 (Macintosh; Intel Mac OS X 10_15_5) AppleWebKit/537.36 (KHTML, like Gecko) Chrome/83.0.4103.116 Safari/537.36"
::1 - - [11/Jul/2020:08:15:21 +0000] "GET /css/forms.css HTTP/1.1" 304 - "http://localhost:5000/reset" "Mozilla/5.0 (Macintosh; Intel Mac OS X 10_15_5) AppleWebKit/537.36 (KHTML, like Gecko) Chrome/83.0.4103.116 Safari/537.36"
::1 - - [11/Jul/2020:08:15:21 +0000] "GET /js/main.js HTTP/1.1" 304 - "http://localhost:5000/reset" "Mozilla/5.0 (Macintosh; Intel Mac OS X 10_15_5) AppleWebKit/537.36 (KHTML, like Gecko) Chrome/83.0.4103.116 Safari/537.36"
::1 - - [11/Jul/2020:08:15:35 +0000] "POST /reset HTTP/1.1" 302 46 "http://localhost:5000/reset" "Mozilla/5.0 (Macintosh; Intel Mac OS X 10_15_5) AppleWebKit/537.36 (KHTML, like Gecko) Chrome/83.0.4103.116 Safari/537.36"
::1 - - [11/Jul/2020:08:15:35 +0000] "GET / HTTP/1.1" 304 - "http://localhost:5000/reset" "Mozilla/5.0 (Macintosh; Intel Mac OS X 10_15_5) AppleWebKit/537.36 (KHTML, like Gecko) Chrome/83.0.4103.116 Safari/537.36"
::1 - - [11/Jul/2020:08:15:35 +0000] "GET /css/main.css HTTP/1.1" 304 - "http://localhost:5000/" "Mozilla/5.0 (Macintosh; Intel Mac OS X 10_15_5) AppleWebKit/537.36 (KHTML, like Gecko) Chrome/83.0.4103.116 Safari/537.36"
::1 - - [11/Jul/2020:08:15:35 +0000] "GET /css/product.css HTTP/1.1" 304 - "http://localhost:5000/" "Mozilla/5.0 (Macintosh; Intel Mac OS X 10_15_5) AppleWebKit/537.36 (KHTML, like Gecko) Chrome/83.0.4103.116 Safari/537.36"
::1 - - [11/Jul/2020:08:15:35 +0000] "GET /js/main.js HTTP/1.1" 304 - "http://localhost:5000/" "Mozilla/5.0 (Macintosh; Intel Mac OS X 10_15_5) AppleWebKit/537.36 (KHTML, like Gecko) Chrome/83.0.4103.116 Safari/537.36"
::1 - - [11/Jul/2020:08:15:35 +0000] "GET /images/2020-07-03T16:56:49.032Z-group-users2.png HTTP/1.1" 304 - "http://localhost:5000/" "Mozilla/5.0 (Macintosh; Intel Mac OS X 10_15_5) AppleWebKit/537.36 (KHTML, like Gecko) Chrome/83.0.4103.116 Safari/537.36"
::1 - - [11/Jul/2020:08:15:35 +0000] "GET /images/2020-07-03T16:56:33.867Z-group-users1.png HTTP/1.1" 304 - "http://localhost:5000/" "Mozilla/5.0 (Macintosh; Intel Mac OS X 10_15_5) AppleWebKit/537.36 (KHTML, like Gecko) Chrome/83.0.4103.116 Safari/537.36"
::1 - - [11/Jul/2020:08:27:27 +0000] "GET /login HTTP/1.1" 200 - "http://localhost:5000/" "Mozilla/5.0 (Macintosh; Intel Mac OS X 10_15_5) AppleWebKit/537.36 (KHTML, like Gecko) Chrome/83.0.4103.116 Safari/537.36"
::1 - - [11/Jul/2020:08:27:27 +0000] "GET /css/main.css HTTP/1.1" 304 - "http://localhost:5000/login" "Mozilla/5.0 (Macintosh; Intel Mac OS X 10_15_5) AppleWebKit/537.36 (KHTML, like Gecko) Chrome/83.0.4103.116 Safari/537.36"
::1 - - [11/Jul/2020:08:27:27 +0000] "GET /css/forms.css HTTP/1.1" 304 - "http://localhost:5000/login" "Mozilla/5.0 (Macintosh; Intel Mac OS X 10_15_5) AppleWebKit/537.36 (KHTML, like Gecko) Chrome/83.0.4103.116 Safari/537.36"
::1 - - [11/Jul/2020:08:27:27 +0000] "GET /css/auth.css HTTP/1.1" 304 - "http://localhost:5000/login" "Mozilla/5.0 (Macintosh; Intel Mac OS X 10_15_5) AppleWebKit/537.36 (KHTML, like Gecko) Chrome/83.0.4103.116 Safari/537.36"
::1 - - [11/Jul/2020:08:27:27 +0000] "GET /js/main.js HTTP/1.1" 304 - "http://localhost:5000/login" "Mozilla/5.0 (Macintosh; Intel Mac OS X 10_15_5) AppleWebKit/537.36 (KHTML, like Gecko) Chrome/83.0.4103.116 Safari/537.36"
::1 - - [11/Jul/2020:08:27:31 +0000] "GET /reset HTTP/1.1" 200 - "http://localhost:5000/login" "Mozilla/5.0 (Macintosh; Intel Mac OS X 10_15_5) AppleWebKit/537.36 (KHTML, like Gecko) Chrome/83.0.4103.116 Safari/537.36"
::1 - - [11/Jul/2020:08:27:31 +0000] "GET /css/main.css HTTP/1.1" 304 - "http://localhost:5000/reset" "Mozilla/5.0 (Macintosh; Intel Mac OS X 10_15_5) AppleWebKit/537.36 (KHTML, like Gecko) Chrome/83.0.4103.116 Safari/537.36"
::1 - - [11/Jul/2020:08:27:31 +0000] "GET /css/forms.css HTTP/1.1" 304 - "http://localhost:5000/reset" "Mozilla/5.0 (Macintosh; Intel Mac OS X 10_15_5) AppleWebKit/537.36 (KHTML, like Gecko) Chrome/83.0.4103.116 Safari/537.36"
::1 - - [11/Jul/2020:08:27:31 +0000] "GET /css/auth.css HTTP/1.1" 304 - "http://localhost:5000/reset" "Mozilla/5.0 (Macintosh; Intel Mac OS X 10_15_5) AppleWebKit/537.36 (KHTML, like Gecko) Chrome/83.0.4103.116 Safari/537.36"
::1 - - [11/Jul/2020:08:27:31 +0000] "GET /js/main.js HTTP/1.1" 304 - "http://localhost:5000/reset" "Mozilla/5.0 (Macintosh; Intel Mac OS X 10_15_5) AppleWebKit/537.36 (KHTML, like Gecko) Chrome/83.0.4103.116 Safari/537.36"
::1 - - [11/Jul/2020:08:27:35 +0000] "POST /reset HTTP/1.1" 302 46 "http://localhost:5000/reset" "Mozilla/5.0 (Macintosh; Intel Mac OS X 10_15_5) AppleWebKit/537.36 (KHTML, like Gecko) Chrome/83.0.4103.116 Safari/537.36"
::1 - - [11/Jul/2020:08:27:35 +0000] "GET / HTTP/1.1" 304 - "http://localhost:5000/reset" "Mozilla/5.0 (Macintosh; Intel Mac OS X 10_15_5) AppleWebKit/537.36 (KHTML, like Gecko) Chrome/83.0.4103.116 Safari/537.36"
::1 - - [11/Jul/2020:08:27:35 +0000] "GET /css/main.css HTTP/1.1" 304 - "http://localhost:5000/" "Mozilla/5.0 (Macintosh; Intel Mac OS X 10_15_5) AppleWebKit/537.36 (KHTML, like Gecko) Chrome/83.0.4103.116 Safari/537.36"
::1 - - [11/Jul/2020:08:27:35 +0000] "GET /css/product.css HTTP/1.1" 304 - "http://localhost:5000/" "Mozilla/5.0 (Macintosh; Intel Mac OS X 10_15_5) AppleWebKit/537.36 (KHTML, like Gecko) Chrome/83.0.4103.116 Safari/537.36"
::1 - - [11/Jul/2020:08:27:35 +0000] "GET /js/main.js HTTP/1.1" 304 - "http://localhost:5000/" "Mozilla/5.0 (Macintosh; Intel Mac OS X 10_15_5) AppleWebKit/537.36 (KHTML, like Gecko) Chrome/83.0.4103.116 Safari/537.36"
::1 - - [11/Jul/2020:08:27:35 +0000] "GET /images/2020-07-03T16:56:33.867Z-group-users1.png HTTP/1.1" 304 - "http://localhost:5000/" "Mozilla/5.0 (Macintosh; Intel Mac OS X 10_15_5) AppleWebKit/537.36 (KHTML, like Gecko) Chrome/83.0.4103.116 Safari/537.36"
::1 - - [11/Jul/2020:08:27:35 +0000] "GET /images/2020-07-03T16:56:49.032Z-group-users2.png HTTP/1.1" 304 - "http://localhost:5000/" "Mozilla/5.0 (Macintosh; Intel Mac OS X 10_15_5) AppleWebKit/537.36 (KHTML, like Gecko) Chrome/83.0.4103.116 Safari/537.36"
::1 - - [11/Jul/2020:08:32:05 +0000] "GET /login HTTP/1.1" 200 - "http://localhost:5000/" "Mozilla/5.0 (Macintosh; Intel Mac OS X 10_15_5) AppleWebKit/537.36 (KHTML, like Gecko) Chrome/83.0.4103.116 Safari/537.36"
::1 - - [11/Jul/2020:08:32:05 +0000] "GET /css/main.css HTTP/1.1" 304 - "http://localhost:5000/login" "Mozilla/5.0 (Macintosh; Intel Mac OS X 10_15_5) AppleWebKit/537.36 (KHTML, like Gecko) Chrome/83.0.4103.116 Safari/537.36"
::1 - - [11/Jul/2020:08:32:05 +0000] "GET /css/forms.css HTTP/1.1" 304 - "http://localhost:5000/login" "Mozilla/5.0 (Macintosh; Intel Mac OS X 10_15_5) AppleWebKit/537.36 (KHTML, like Gecko) Chrome/83.0.4103.116 Safari/537.36"
::1 - - [11/Jul/2020:08:32:05 +0000] "GET /css/auth.css HTTP/1.1" 304 - "http://localhost:5000/login" "Mozilla/5.0 (Macintosh; Intel Mac OS X 10_15_5) AppleWebKit/537.36 (KHTML, like Gecko) Chrome/83.0.4103.116 Safari/537.36"
::1 - - [11/Jul/2020:08:32:05 +0000] "GET /js/main.js HTTP/1.1" 304 - "http://localhost:5000/login" "Mozilla/5.0 (Macintosh; Intel Mac OS X 10_15_5) AppleWebKit/537.36 (KHTML, like Gecko) Chrome/83.0.4103.116 Safari/537.36"
::1 - - [11/Jul/2020:08:32:07 +0000] "GET /reset HTTP/1.1" 200 - "http://localhost:5000/login" "Mozilla/5.0 (Macintosh; Intel Mac OS X 10_15_5) AppleWebKit/537.36 (KHTML, like Gecko) Chrome/83.0.4103.116 Safari/537.36"
::1 - - [11/Jul/2020:08:32:07 +0000] "GET /css/main.css HTTP/1.1" 304 - "http://localhost:5000/reset" "Mozilla/5.0 (Macintosh; Intel Mac OS X 10_15_5) AppleWebKit/537.36 (KHTML, like Gecko) Chrome/83.0.4103.116 Safari/537.36"
::1 - - [11/Jul/2020:08:32:07 +0000] "GET /css/auth.css HTTP/1.1" 304 - "http://localhost:5000/reset" "Mozilla/5.0 (Macintosh; Intel Mac OS X 10_15_5) AppleWebKit/537.36 (KHTML, like Gecko) Chrome/83.0.4103.116 Safari/537.36"
::1 - - [11/Jul/2020:08:32:07 +0000] "GET /css/forms.css HTTP/1.1" 304 - "http://localhost:5000/reset" "Mozilla/5.0 (Macintosh; Intel Mac OS X 10_15_5) AppleWebKit/537.36 (KHTML, like Gecko) Chrome/83.0.4103.116 Safari/537.36"
::1 - - [11/Jul/2020:08:32:07 +0000] "GET /js/main.js HTTP/1.1" 304 - "http://localhost:5000/reset" "Mozilla/5.0 (Macintosh; Intel Mac OS X 10_15_5) AppleWebKit/537.36 (KHTML, like Gecko) Chrome/83.0.4103.116 Safari/537.36"
::1 - - [11/Jul/2020:08:32:10 +0000] "POST /reset HTTP/1.1" 302 46 "http://localhost:5000/reset" "Mozilla/5.0 (Macintosh; Intel Mac OS X 10_15_5) AppleWebKit/537.36 (KHTML, like Gecko) Chrome/83.0.4103.116 Safari/537.36"
::1 - - [11/Jul/2020:08:32:10 +0000] "GET / HTTP/1.1" 304 - "http://localhost:5000/reset" "Mozilla/5.0 (Macintosh; Intel Mac OS X 10_15_5) AppleWebKit/537.36 (KHTML, like Gecko) Chrome/83.0.4103.116 Safari/537.36"
::1 - - [11/Jul/2020:08:32:10 +0000] "GET /css/main.css HTTP/1.1" 304 - "http://localhost:5000/" "Mozilla/5.0 (Macintosh; Intel Mac OS X 10_15_5) AppleWebKit/537.36 (KHTML, like Gecko) Chrome/83.0.4103.116 Safari/537.36"
::1 - - [11/Jul/2020:08:32:10 +0000] "GET /css/product.css HTTP/1.1" 304 - "http://localhost:5000/" "Mozilla/5.0 (Macintosh; Intel Mac OS X 10_15_5) AppleWebKit/537.36 (KHTML, like Gecko) Chrome/83.0.4103.116 Safari/537.36"
::1 - - [11/Jul/2020:08:32:10 +0000] "GET /js/main.js HTTP/1.1" 304 - "http://localhost:5000/" "Mozilla/5.0 (Macintosh; Intel Mac OS X 10_15_5) AppleWebKit/537.36 (KHTML, like Gecko) Chrome/83.0.4103.116 Safari/537.36"
::1 - - [11/Jul/2020:08:32:10 +0000] "GET /images/2020-07-03T16:56:33.867Z-group-users1.png HTTP/1.1" 304 - "http://localhost:5000/" "Mozilla/5.0 (Macintosh; Intel Mac OS X 10_15_5) AppleWebKit/537.36 (KHTML, like Gecko) Chrome/83.0.4103.116 Safari/537.36"
::1 - - [11/Jul/2020:08:32:10 +0000] "GET /images/2020-07-03T16:56:49.032Z-group-users2.png HTTP/1.1" 304 - "http://localhost:5000/" "Mozilla/5.0 (Macintosh; Intel Mac OS X 10_15_5) AppleWebKit/537.36 (KHTML, like Gecko) Chrome/83.0.4103.116 Safari/537.36"
::1 - - [11/Jul/2020:08:32:22 +0000] "GET /reset/5d0ef018f58c99836c7662323bc9543df0871a6213a95471c5ae20bc3c6497a3 HTTP/1.1" 200 - "-" "Mozilla/5.0 (Macintosh; Intel Mac OS X 10_15_5) AppleWebKit/537.36 (KHTML, like Gecko) Chrome/83.0.4103.116 Safari/537.36"
::1 - - [11/Jul/2020:08:32:22 +0000] "GET /css/main.css HTTP/1.1" 304 - "http://localhost:5000/reset/5d0ef018f58c99836c7662323bc9543df0871a6213a95471c5ae20bc3c6497a3" "Mozilla/5.0 (Macintosh; Intel Mac OS X 10_15_5) AppleWebKit/537.36 (KHTML, like Gecko) Chrome/83.0.4103.116 Safari/537.36"
::1 - - [11/Jul/2020:08:32:22 +0000] "GET /css/forms.css HTTP/1.1" 304 - "http://localhost:5000/reset/5d0ef018f58c99836c7662323bc9543df0871a6213a95471c5ae20bc3c6497a3" "Mozilla/5.0 (Macintosh; Intel Mac OS X 10_15_5) AppleWebKit/537.36 (KHTML, like Gecko) Chrome/83.0.4103.116 Safari/537.36"
::1 - - [11/Jul/2020:08:32:22 +0000] "GET /css/auth.css HTTP/1.1" 304 - "http://localhost:5000/reset/5d0ef018f58c99836c7662323bc9543df0871a6213a95471c5ae20bc3c6497a3" "Mozilla/5.0 (Macintosh; Intel Mac OS X 10_15_5) AppleWebKit/537.36 (KHTML, like Gecko) Chrome/83.0.4103.116 Safari/537.36"
::1 - - [11/Jul/2020:08:32:22 +0000] "GET /js/main.js HTTP/1.1" 304 - "http://localhost:5000/reset/5d0ef018f58c99836c7662323bc9543df0871a6213a95471c5ae20bc3c6497a3" "Mozilla/5.0 (Macintosh; Intel Mac OS X 10_15_5) AppleWebKit/537.36 (KHTML, like Gecko) Chrome/83.0.4103.116 Safari/537.36"
::1 - - [11/Jul/2020:08:32:29 +0000] "POST /new-password HTTP/1.1" 302 56 "http://localhost:5000/reset/5d0ef018f58c99836c7662323bc9543df0871a6213a95471c5ae20bc3c6497a3" "Mozilla/5.0 (Macintosh; Intel Mac OS X 10_15_5) AppleWebKit/537.36 (KHTML, like Gecko) Chrome/83.0.4103.116 Safari/537.36"
::1 - - [11/Jul/2020:08:32:29 +0000] "GET /login HTTP/1.1" 200 - "http://localhost:5000/reset/5d0ef018f58c99836c7662323bc9543df0871a6213a95471c5ae20bc3c6497a3" "Mozilla/5.0 (Macintosh; Intel Mac OS X 10_15_5) AppleWebKit/537.36 (KHTML, like Gecko) Chrome/83.0.4103.116 Safari/537.36"
::1 - - [11/Jul/2020:08:32:29 +0000] "GET /css/main.css HTTP/1.1" 304 - "http://localhost:5000/login" "Mozilla/5.0 (Macintosh; Intel Mac OS X 10_15_5) AppleWebKit/537.36 (KHTML, like Gecko) Chrome/83.0.4103.116 Safari/537.36"
::1 - - [11/Jul/2020:08:32:29 +0000] "GET /css/forms.css HTTP/1.1" 304 - "http://localhost:5000/login" "Mozilla/5.0 (Macintosh; Intel Mac OS X 10_15_5) AppleWebKit/537.36 (KHTML, like Gecko) Chrome/83.0.4103.116 Safari/537.36"
::1 - - [11/Jul/2020:08:32:29 +0000] "GET /css/auth.css HTTP/1.1" 304 - "http://localhost:5000/login" "Mozilla/5.0 (Macintosh; Intel Mac OS X 10_15_5) AppleWebKit/537.36 (KHTML, like Gecko) Chrome/83.0.4103.116 Safari/537.36"
::1 - - [11/Jul/2020:08:32:29 +0000] "GET /js/main.js HTTP/1.1" 304 - "http://localhost:5000/login" "Mozilla/5.0 (Macintosh; Intel Mac OS X 10_15_5) AppleWebKit/537.36 (KHTML, like Gecko) Chrome/83.0.4103.116 Safari/537.36"
::1 - - [11/Jul/2020:08:32:42 +0000] "POST /login HTTP/1.1" 422 - "http://localhost:5000/login" "Mozilla/5.0 (Macintosh; Intel Mac OS X 10_15_5) AppleWebKit/537.36 (KHTML, like Gecko) Chrome/83.0.4103.116 Safari/537.36"
::1 - - [11/Jul/2020:08:32:42 +0000] "GET /css/main.css HTTP/1.1" 304 - "http://localhost:5000/login" "Mozilla/5.0 (Macintosh; Intel Mac OS X 10_15_5) AppleWebKit/537.36 (KHTML, like Gecko) Chrome/83.0.4103.116 Safari/537.36"
::1 - - [11/Jul/2020:08:32:42 +0000] "GET /css/forms.css HTTP/1.1" 304 - "http://localhost:5000/login" "Mozilla/5.0 (Macintosh; Intel Mac OS X 10_15_5) AppleWebKit/537.36 (KHTML, like Gecko) Chrome/83.0.4103.116 Safari/537.36"
::1 - - [11/Jul/2020:08:32:42 +0000] "GET /css/auth.css HTTP/1.1" 304 - "http://localhost:5000/login" "Mozilla/5.0 (Macintosh; Intel Mac OS X 10_15_5) AppleWebKit/537.36 (KHTML, like Gecko) Chrome/83.0.4103.116 Safari/537.36"
::1 - - [11/Jul/2020:08:32:42 +0000] "GET /js/main.js HTTP/1.1" 304 - "http://localhost:5000/login" "Mozilla/5.0 (Macintosh; Intel Mac OS X 10_15_5) AppleWebKit/537.36 (KHTML, like Gecko) Chrome/83.0.4103.116 Safari/537.36"
::1 - - [11/Jul/2020:08:32:47 +0000] "POST /login HTTP/1.1" 302 46 "http://localhost:5000/login" "Mozilla/5.0 (Macintosh; Intel Mac OS X 10_15_5) AppleWebKit/537.36 (KHTML, like Gecko) Chrome/83.0.4103.116 Safari/537.36"
::1 - - [11/Jul/2020:08:32:48 +0000] "GET / HTTP/1.1" 200 - "http://localhost:5000/login" "Mozilla/5.0 (Macintosh; Intel Mac OS X 10_15_5) AppleWebKit/537.36 (KHTML, like Gecko) Chrome/83.0.4103.116 Safari/537.36"
::1 - - [11/Jul/2020:08:32:48 +0000] "GET /css/main.css HTTP/1.1" 304 - "http://localhost:5000/" "Mozilla/5.0 (Macintosh; Intel Mac OS X 10_15_5) AppleWebKit/537.36 (KHTML, like Gecko) Chrome/83.0.4103.116 Safari/537.36"
::1 - - [11/Jul/2020:08:32:48 +0000] "GET /css/product.css HTTP/1.1" 304 - "http://localhost:5000/" "Mozilla/5.0 (Macintosh; Intel Mac OS X 10_15_5) AppleWebKit/537.36 (KHTML, like Gecko) Chrome/83.0.4103.116 Safari/537.36"
::1 - - [11/Jul/2020:08:32:48 +0000] "GET /js/main.js HTTP/1.1" 304 - "http://localhost:5000/" "Mozilla/5.0 (Macintosh; Intel Mac OS X 10_15_5) AppleWebKit/537.36 (KHTML, like Gecko) Chrome/83.0.4103.116 Safari/537.36"
::1 - - [11/Jul/2020:08:32:48 +0000] "GET /images/2020-07-03T16:56:33.867Z-group-users1.png HTTP/1.1" 304 - "http://localhost:5000/" "Mozilla/5.0 (Macintosh; Intel Mac OS X 10_15_5) AppleWebKit/537.36 (KHTML, like Gecko) Chrome/83.0.4103.116 Safari/537.36"
::1 - - [11/Jul/2020:08:32:48 +0000] "GET /images/2020-07-03T16:56:49.032Z-group-users2.png HTTP/1.1" 304 - "http://localhost:5000/" "Mozilla/5.0 (Macintosh; Intel Mac OS X 10_15_5) AppleWebKit/537.36 (KHTML, like Gecko) Chrome/83.0.4103.116 Safari/537.36"
::1 - - [11/Jul/2020:08:32:52 +0000] "POST /logout HTTP/1.1" 302 46 "http://localhost:5000/" "Mozilla/5.0 (Macintosh; Intel Mac OS X 10_15_5) AppleWebKit/537.36 (KHTML, like Gecko) Chrome/83.0.4103.116 Safari/537.36"
::1 - - [11/Jul/2020:08:32:53 +0000] "GET / HTTP/1.1" 200 - "http://localhost:5000/" "Mozilla/5.0 (Macintosh; Intel Mac OS X 10_15_5) AppleWebKit/537.36 (KHTML, like Gecko) Chrome/83.0.4103.116 Safari/537.36"
::1 - - [11/Jul/2020:08:32:53 +0000] "GET /css/main.css HTTP/1.1" 304 - "http://localhost:5000/" "Mozilla/5.0 (Macintosh; Intel Mac OS X 10_15_5) AppleWebKit/537.36 (KHTML, like Gecko) Chrome/83.0.4103.116 Safari/537.36"
::1 - - [11/Jul/2020:08:32:53 +0000] "GET /css/product.css HTTP/1.1" 304 - "http://localhost:5000/" "Mozilla/5.0 (Macintosh; Intel Mac OS X 10_15_5) AppleWebKit/537.36 (KHTML, like Gecko) Chrome/83.0.4103.116 Safari/537.36"
::1 - - [11/Jul/2020:08:32:53 +0000] "GET /js/main.js HTTP/1.1" 304 - "http://localhost:5000/" "Mozilla/5.0 (Macintosh; Intel Mac OS X 10_15_5) AppleWebKit/537.36 (KHTML, like Gecko) Chrome/83.0.4103.116 Safari/537.36"
::1 - - [11/Jul/2020:08:32:53 +0000] "GET /images/2020-07-03T16:56:33.867Z-group-users1.png HTTP/1.1" 304 - "http://localhost:5000/" "Mozilla/5.0 (Macintosh; Intel Mac OS X 10_15_5) AppleWebKit/537.36 (KHTML, like Gecko) Chrome/83.0.4103.116 Safari/537.36"
::1 - - [11/Jul/2020:08:32:53 +0000] "GET /images/2020-07-03T16:56:49.032Z-group-users2.png HTTP/1.1" 304 - "http://localhost:5000/" "Mozilla/5.0 (Macintosh; Intel Mac OS X 10_15_5) AppleWebKit/537.36 (KHTML, like Gecko) Chrome/83.0.4103.116 Safari/537.36"
::1 - - [11/Jul/2020:08:32:54 +0000] "GET /login HTTP/1.1" 200 - "http://localhost:5000/" "Mozilla/5.0 (Macintosh; Intel Mac OS X 10_15_5) AppleWebKit/537.36 (KHTML, like Gecko) Chrome/83.0.4103.116 Safari/537.36"
::1 - - [11/Jul/2020:08:32:54 +0000] "GET /css/main.css HTTP/1.1" 304 - "http://localhost:5000/login" "Mozilla/5.0 (Macintosh; Intel Mac OS X 10_15_5) AppleWebKit/537.36 (KHTML, like Gecko) Chrome/83.0.4103.116 Safari/537.36"
::1 - - [11/Jul/2020:08:32:54 +0000] "GET /css/forms.css HTTP/1.1" 304 - "http://localhost:5000/login" "Mozilla/5.0 (Macintosh; Intel Mac OS X 10_15_5) AppleWebKit/537.36 (KHTML, like Gecko) Chrome/83.0.4103.116 Safari/537.36"
::1 - - [11/Jul/2020:08:32:54 +0000] "GET /css/auth.css HTTP/1.1" 304 - "http://localhost:5000/login" "Mozilla/5.0 (Macintosh; Intel Mac OS X 10_15_5) AppleWebKit/537.36 (KHTML, like Gecko) Chrome/83.0.4103.116 Safari/537.36"
::1 - - [11/Jul/2020:08:32:54 +0000] "GET /js/main.js HTTP/1.1" 304 - "http://localhost:5000/login" "Mozilla/5.0 (Macintosh; Intel Mac OS X 10_15_5) AppleWebKit/537.36 (KHTML, like Gecko) Chrome/83.0.4103.116 Safari/537.36"
::1 - - [11/Jul/2020:08:32:57 +0000] "GET /reset HTTP/1.1" 200 - "http://localhost:5000/login" "Mozilla/5.0 (Macintosh; Intel Mac OS X 10_15_5) AppleWebKit/537.36 (KHTML, like Gecko) Chrome/83.0.4103.116 Safari/537.36"
::1 - - [11/Jul/2020:08:32:57 +0000] "GET /css/main.css HTTP/1.1" 304 - "http://localhost:5000/reset" "Mozilla/5.0 (Macintosh; Intel Mac OS X 10_15_5) AppleWebKit/537.36 (KHTML, like Gecko) Chrome/83.0.4103.116 Safari/537.36"
::1 - - [11/Jul/2020:08:32:57 +0000] "GET /css/forms.css HTTP/1.1" 304 - "http://localhost:5000/reset" "Mozilla/5.0 (Macintosh; Intel Mac OS X 10_15_5) AppleWebKit/537.36 (KHTML, like Gecko) Chrome/83.0.4103.116 Safari/537.36"
::1 - - [11/Jul/2020:08:32:57 +0000] "GET /css/auth.css HTTP/1.1" 304 - "http://localhost:5000/reset" "Mozilla/5.0 (Macintosh; Intel Mac OS X 10_15_5) AppleWebKit/537.36 (KHTML, like Gecko) Chrome/83.0.4103.116 Safari/537.36"
::1 - - [11/Jul/2020:08:32:57 +0000] "GET /js/main.js HTTP/1.1" 304 - "http://localhost:5000/reset" "Mozilla/5.0 (Macintosh; Intel Mac OS X 10_15_5) AppleWebKit/537.36 (KHTML, like Gecko) Chrome/83.0.4103.116 Safari/537.36"
::1 - - [11/Jul/2020:08:33:02 +0000] "POST /reset HTTP/1.1" 500 56 "http://localhost:5000/reset" "Mozilla/5.0 (Macintosh; Intel Mac OS X 10_15_5) AppleWebKit/537.36 (KHTML, like Gecko) Chrome/83.0.4103.116 Safari/537.36"
::1 - - [11/Jul/2020:08:33:02 +0000] "GET /reset HTTP/1.1" 200 - "http://localhost:5000/reset" "Mozilla/5.0 (Macintosh; Intel Mac OS X 10_15_5) AppleWebKit/537.36 (KHTML, like Gecko) Chrome/83.0.4103.116 Safari/537.36"
::1 - - [11/Jul/2020:08:33:02 +0000] "GET /css/main.css HTTP/1.1" 304 - "http://localhost:5000/reset" "Mozilla/5.0 (Macintosh; Intel Mac OS X 10_15_5) AppleWebKit/537.36 (KHTML, like Gecko) Chrome/83.0.4103.116 Safari/537.36"
::1 - - [11/Jul/2020:08:33:02 +0000] "GET /css/forms.css HTTP/1.1" 304 - "http://localhost:5000/reset" "Mozilla/5.0 (Macintosh; Intel Mac OS X 10_15_5) AppleWebKit/537.36 (KHTML, like Gecko) Chrome/83.0.4103.116 Safari/537.36"
::1 - - [11/Jul/2020:08:33:02 +0000] "GET /css/auth.css HTTP/1.1" 304 - "http://localhost:5000/reset" "Mozilla/5.0 (Macintosh; Intel Mac OS X 10_15_5) AppleWebKit/537.36 (KHTML, like Gecko) Chrome/83.0.4103.116 Safari/537.36"
::1 - - [11/Jul/2020:08:33:02 +0000] "GET /js/main.js HTTP/1.1" 304 - "http://localhost:5000/reset" "Mozilla/5.0 (Macintosh; Intel Mac OS X 10_15_5) AppleWebKit/537.36 (KHTML, like Gecko) Chrome/83.0.4103.116 Safari/537.36"
::1 - - [11/Jul/2020:08:33:07 +0000] "POST /reset HTTP/1.1" 302 46 "http://localhost:5000/reset" "Mozilla/5.0 (Macintosh; Intel Mac OS X 10_15_5) AppleWebKit/537.36 (KHTML, like Gecko) Chrome/83.0.4103.116 Safari/537.36"
::1 - - [11/Jul/2020:08:33:07 +0000] "GET / HTTP/1.1" 304 - "http://localhost:5000/reset" "Mozilla/5.0 (Macintosh; Intel Mac OS X 10_15_5) AppleWebKit/537.36 (KHTML, like Gecko) Chrome/83.0.4103.116 Safari/537.36"
::1 - - [11/Jul/2020:08:33:07 +0000] "GET /css/main.css HTTP/1.1" 304 - "http://localhost:5000/" "Mozilla/5.0 (Macintosh; Intel Mac OS X 10_15_5) AppleWebKit/537.36 (KHTML, like Gecko) Chrome/83.0.4103.116 Safari/537.36"
::1 - - [11/Jul/2020:08:33:07 +0000] "GET /css/product.css HTTP/1.1" 304 - "http://localhost:5000/" "Mozilla/5.0 (Macintosh; Intel Mac OS X 10_15_5) AppleWebKit/537.36 (KHTML, like Gecko) Chrome/83.0.4103.116 Safari/537.36"
::1 - - [11/Jul/2020:08:33:07 +0000] "GET /js/main.js HTTP/1.1" 304 - "http://localhost:5000/" "Mozilla/5.0 (Macintosh; Intel Mac OS X 10_15_5) AppleWebKit/537.36 (KHTML, like Gecko) Chrome/83.0.4103.116 Safari/537.36"
::1 - - [11/Jul/2020:08:33:07 +0000] "GET /images/2020-07-03T16:56:33.867Z-group-users1.png HTTP/1.1" 304 - "http://localhost:5000/" "Mozilla/5.0 (Macintosh; Intel Mac OS X 10_15_5) AppleWebKit/537.36 (KHTML, like Gecko) Chrome/83.0.4103.116 Safari/537.36"
::1 - - [11/Jul/2020:08:33:07 +0000] "GET /images/2020-07-03T16:56:49.032Z-group-users2.png HTTP/1.1" 304 - "http://localhost:5000/" "Mozilla/5.0 (Macintosh; Intel Mac OS X 10_15_5) AppleWebKit/537.36 (KHTML, like Gecko) Chrome/83.0.4103.116 Safari/537.36"
::1 - - [11/Jul/2020:08:33:52 +0000] "GET /login HTTP/1.1" 200 - "http://localhost:5000/" "Mozilla/5.0 (Macintosh; Intel Mac OS X 10_15_5) AppleWebKit/537.36 (KHTML, like Gecko) Chrome/83.0.4103.116 Safari/537.36"
::1 - - [11/Jul/2020:08:33:52 +0000] "GET /css/main.css HTTP/1.1" 304 - "http://localhost:5000/login" "Mozilla/5.0 (Macintosh; Intel Mac OS X 10_15_5) AppleWebKit/537.36 (KHTML, like Gecko) Chrome/83.0.4103.116 Safari/537.36"
::1 - - [11/Jul/2020:08:33:52 +0000] "GET /css/forms.css HTTP/1.1" 304 - "http://localhost:5000/login" "Mozilla/5.0 (Macintosh; Intel Mac OS X 10_15_5) AppleWebKit/537.36 (KHTML, like Gecko) Chrome/83.0.4103.116 Safari/537.36"
::1 - - [11/Jul/2020:08:33:52 +0000] "GET /css/auth.css HTTP/1.1" 304 - "http://localhost:5000/login" "Mozilla/5.0 (Macintosh; Intel Mac OS X 10_15_5) AppleWebKit/537.36 (KHTML, like Gecko) Chrome/83.0.4103.116 Safari/537.36"
::1 - - [11/Jul/2020:08:33:52 +0000] "GET /js/main.js HTTP/1.1" 304 - "http://localhost:5000/login" "Mozilla/5.0 (Macintosh; Intel Mac OS X 10_15_5) AppleWebKit/537.36 (KHTML, like Gecko) Chrome/83.0.4103.116 Safari/537.36"
::1 - - [11/Jul/2020:08:33:53 +0000] "GET /reset HTTP/1.1" 200 - "http://localhost:5000/login" "Mozilla/5.0 (Macintosh; Intel Mac OS X 10_15_5) AppleWebKit/537.36 (KHTML, like Gecko) Chrome/83.0.4103.116 Safari/537.36"
::1 - - [11/Jul/2020:08:33:53 +0000] "GET /css/main.css HTTP/1.1" 304 - "http://localhost:5000/reset" "Mozilla/5.0 (Macintosh; Intel Mac OS X 10_15_5) AppleWebKit/537.36 (KHTML, like Gecko) Chrome/83.0.4103.116 Safari/537.36"
::1 - - [11/Jul/2020:08:33:53 +0000] "GET /css/forms.css HTTP/1.1" 304 - "http://localhost:5000/reset" "Mozilla/5.0 (Macintosh; Intel Mac OS X 10_15_5) AppleWebKit/537.36 (KHTML, like Gecko) Chrome/83.0.4103.116 Safari/537.36"
::1 - - [11/Jul/2020:08:33:53 +0000] "GET /css/auth.css HTTP/1.1" 304 - "http://localhost:5000/reset" "Mozilla/5.0 (Macintosh; Intel Mac OS X 10_15_5) AppleWebKit/537.36 (KHTML, like Gecko) Chrome/83.0.4103.116 Safari/537.36"
::1 - - [11/Jul/2020:08:33:53 +0000] "GET /js/main.js HTTP/1.1" 304 - "http://localhost:5000/reset" "Mozilla/5.0 (Macintosh; Intel Mac OS X 10_15_5) AppleWebKit/537.36 (KHTML, like Gecko) Chrome/83.0.4103.116 Safari/537.36"
::1 - - [11/Jul/2020:08:33:57 +0000] "POST /reset HTTP/1.1" 302 46 "http://localhost:5000/reset" "Mozilla/5.0 (Macintosh; Intel Mac OS X 10_15_5) AppleWebKit/537.36 (KHTML, like Gecko) Chrome/83.0.4103.116 Safari/537.36"
::1 - - [11/Jul/2020:08:33:57 +0000] "GET / HTTP/1.1" 304 - "http://localhost:5000/reset" "Mozilla/5.0 (Macintosh; Intel Mac OS X 10_15_5) AppleWebKit/537.36 (KHTML, like Gecko) Chrome/83.0.4103.116 Safari/537.36"
::1 - - [11/Jul/2020:08:33:57 +0000] "GET /css/main.css HTTP/1.1" 304 - "http://localhost:5000/" "Mozilla/5.0 (Macintosh; Intel Mac OS X 10_15_5) AppleWebKit/537.36 (KHTML, like Gecko) Chrome/83.0.4103.116 Safari/537.36"
::1 - - [11/Jul/2020:08:33:57 +0000] "GET /css/product.css HTTP/1.1" 304 - "http://localhost:5000/" "Mozilla/5.0 (Macintosh; Intel Mac OS X 10_15_5) AppleWebKit/537.36 (KHTML, like Gecko) Chrome/83.0.4103.116 Safari/537.36"
::1 - - [11/Jul/2020:08:33:57 +0000] "GET /js/main.js HTTP/1.1" 304 - "http://localhost:5000/" "Mozilla/5.0 (Macintosh; Intel Mac OS X 10_15_5) AppleWebKit/537.36 (KHTML, like Gecko) Chrome/83.0.4103.116 Safari/537.36"
::1 - - [11/Jul/2020:08:33:57 +0000] "GET /images/2020-07-03T16:56:49.032Z-group-users2.png HTTP/1.1" 304 - "http://localhost:5000/" "Mozilla/5.0 (Macintosh; Intel Mac OS X 10_15_5) AppleWebKit/537.36 (KHTML, like Gecko) Chrome/83.0.4103.116 Safari/537.36"
::1 - - [11/Jul/2020:08:33:57 +0000] "GET /images/2020-07-03T16:56:33.867Z-group-users1.png HTTP/1.1" 304 - "http://localhost:5000/" "Mozilla/5.0 (Macintosh; Intel Mac OS X 10_15_5) AppleWebKit/537.36 (KHTML, like Gecko) Chrome/83.0.4103.116 Safari/537.36"
